<?xml version="1.0" encoding="UTF-8"?>
<testsuite name="com.Logger.DemoApplicationTests" tests="1" skipped="0" failures="0" errors="0" timestamp="2017-06-23T09:29:58" hostname="technology-Inspiron-3537" time="0.05">
  <properties/>
  <testcase name="contextLoads" classname="com.Logger.DemoApplicationTests" time="0.05"/>
  <system-out><![CDATA[14:59:51.232 [Test worker] DEBUG org.springframework.test.context.junit4.SpringJUnit4ClassRunner - SpringJUnit4ClassRunner constructor called with [class com.Logger.DemoApplicationTests]
14:59:51.238 [Test worker] DEBUG org.springframework.test.context.BootstrapUtils - Instantiating CacheAwareContextLoaderDelegate from class [org.springframework.test.context.cache.DefaultCacheAwareContextLoaderDelegate]
14:59:51.247 [Test worker] DEBUG org.springframework.test.context.BootstrapUtils - Instantiating BootstrapContext using constructor [public org.springframework.test.context.support.DefaultBootstrapContext(java.lang.Class,org.springframework.test.context.CacheAwareContextLoaderDelegate)]
14:59:51.264 [Test worker] DEBUG org.springframework.test.context.BootstrapUtils - Instantiating TestContextBootstrapper for test class [com.Logger.DemoApplicationTests] from class [org.springframework.boot.test.context.SpringBootTestContextBootstrapper]
14:59:51.282 [Test worker] INFO org.springframework.boot.test.context.SpringBootTestContextBootstrapper - Neither @ContextConfiguration nor @ContextHierarchy found for test class [com.Logger.DemoApplicationTests], using SpringBootContextLoader
14:59:51.288 [Test worker] DEBUG org.springframework.test.context.support.AbstractContextLoader - Did not detect default resource location for test class [com.Logger.DemoApplicationTests]: class path resource [com/Logger/DemoApplicationTests-context.xml] does not exist
14:59:51.289 [Test worker] DEBUG org.springframework.test.context.support.AbstractContextLoader - Did not detect default resource location for test class [com.Logger.DemoApplicationTests]: class path resource [com/Logger/DemoApplicationTestsContext.groovy] does not exist
14:59:51.289 [Test worker] INFO org.springframework.test.context.support.AbstractContextLoader - Could not detect default resource locations for test class [com.Logger.DemoApplicationTests]: no resource found for suffixes {-context.xml, Context.groovy}.
14:59:51.290 [Test worker] INFO org.springframework.test.context.support.AnnotationConfigContextLoaderUtils - Could not detect default configuration classes for test class [com.Logger.DemoApplicationTests]: DemoApplicationTests does not declare any static, non-private, non-final, nested classes annotated with @Configuration.
14:59:51.350 [Test worker] DEBUG org.springframework.test.context.support.ActiveProfilesUtils - Could not find an 'annotation declaring class' for annotation type [org.springframework.test.context.ActiveProfiles] and class [com.Logger.DemoApplicationTests]
14:59:51.361 [Test worker] DEBUG org.springframework.core.env.StandardEnvironment - Adding [systemProperties] PropertySource with lowest search precedence
14:59:51.362 [Test worker] DEBUG org.springframework.core.env.StandardEnvironment - Adding [systemEnvironment] PropertySource with lowest search precedence
14:59:51.362 [Test worker] DEBUG org.springframework.core.env.StandardEnvironment - Initialized StandardEnvironment with PropertySources [systemProperties,systemEnvironment]
14:59:51.374 [Test worker] DEBUG org.springframework.core.io.support.PathMatchingResourcePatternResolver - Resolved classpath location [com/Logger/] to resources [URL [file:/home/technology/Desktop/LoggerFinal/build/classes/test/com/Logger/], URL [file:/home/technology/Desktop/LoggerFinal/build/classes/main/com/Logger/]]
14:59:51.375 [Test worker] DEBUG org.springframework.core.io.support.PathMatchingResourcePatternResolver - Looking for matching resources in directory tree [/home/technology/Desktop/LoggerFinal/build/classes/test/com/Logger]
14:59:51.375 [Test worker] DEBUG org.springframework.core.io.support.PathMatchingResourcePatternResolver - Searching directory [/home/technology/Desktop/LoggerFinal/build/classes/test/com/Logger] for files matching pattern [/home/technology/Desktop/LoggerFinal/build/classes/test/com/Logger/*.class]
14:59:51.379 [Test worker] DEBUG org.springframework.core.io.support.PathMatchingResourcePatternResolver - Looking for matching resources in directory tree [/home/technology/Desktop/LoggerFinal/build/classes/main/com/Logger]
14:59:51.379 [Test worker] DEBUG org.springframework.core.io.support.PathMatchingResourcePatternResolver - Searching directory [/home/technology/Desktop/LoggerFinal/build/classes/main/com/Logger] for files matching pattern [/home/technology/Desktop/LoggerFinal/build/classes/main/com/Logger/*.class]
14:59:51.381 [Test worker] DEBUG org.springframework.core.io.support.PathMatchingResourcePatternResolver - Resolved location pattern [classpath*:com/Logger/*.class] to resources [file [/home/technology/Desktop/LoggerFinal/build/classes/test/com/Logger/DemoApplicationTests.class], file [/home/technology/Desktop/LoggerFinal/build/classes/main/com/Logger/CRSLoggerApplication.class]]
14:59:51.448 [Test worker] DEBUG org.springframework.context.annotation.ClassPathScanningCandidateComponentProvider - Identified candidate component class: file [/home/technology/Desktop/LoggerFinal/build/classes/main/com/Logger/CRSLoggerApplication.class]
14:59:51.449 [Test worker] INFO org.springframework.boot.test.context.SpringBootTestContextBootstrapper - Found @SpringBootConfiguration com.Logger.CRSLoggerApplication for test class com.Logger.DemoApplicationTests
14:59:51.454 [Test worker] DEBUG org.springframework.boot.test.context.SpringBootTestContextBootstrapper - @TestExecutionListeners is not present for class [com.Logger.DemoApplicationTests]: using defaults.
14:59:51.461 [Test worker] INFO org.springframework.boot.test.context.SpringBootTestContextBootstrapper - Loaded default TestExecutionListener class names from location [META-INF/spring.factories]: [org.springframework.boot.test.mock.mockito.MockitoTestExecutionListener, org.springframework.boot.test.mock.mockito.ResetMocksTestExecutionListener, org.springframework.boot.test.autoconfigure.restdocs.RestDocsTestExecutionListener, org.springframework.boot.test.autoconfigure.web.client.MockRestServiceServerResetTestExecutionListener, org.springframework.boot.test.autoconfigure.web.servlet.MockMvcPrintOnlyOnFailureTestExecutionListener, org.springframework.boot.test.autoconfigure.web.servlet.WebDriverTestExecutionListener, org.springframework.test.context.web.ServletTestExecutionListener, org.springframework.test.context.support.DirtiesContextBeforeModesTestExecutionListener, org.springframework.test.context.support.DependencyInjectionTestExecutionListener, org.springframework.test.context.support.DirtiesContextTestExecutionListener, org.springframework.test.context.transaction.TransactionalTestExecutionListener, org.springframework.test.context.jdbc.SqlScriptsTestExecutionListener]
14:59:51.486 [Test worker] INFO org.springframework.boot.test.context.SpringBootTestContextBootstrapper - Using TestExecutionListeners: [org.springframework.test.context.web.ServletTestExecutionListener@71c0f21f, org.springframework.test.context.support.DirtiesContextBeforeModesTestExecutionListener@539551a0, org.springframework.boot.test.autoconfigure.SpringBootDependencyInjectionTestExecutionListener@53e37560, org.springframework.test.context.support.DirtiesContextTestExecutionListener@1d348011, org.springframework.test.context.transaction.TransactionalTestExecutionListener@6b92c9a2, org.springframework.test.context.jdbc.SqlScriptsTestExecutionListener@12f38d21, org.springframework.boot.test.mock.mockito.ResetMocksTestExecutionListener@5af3b26a, org.springframework.boot.test.mock.mockito.MockitoTestExecutionListener@63fe852d, org.springframework.boot.test.autoconfigure.web.client.MockRestServiceServerResetTestExecutionListener@1edc8f29, org.springframework.boot.test.autoconfigure.restdocs.RestDocsTestExecutionListener@10c88356, org.springframework.boot.test.autoconfigure.web.servlet.WebDriverTestExecutionListener@576f03c7, org.springframework.boot.test.autoconfigure.web.servlet.MockMvcPrintOnlyOnFailureTestExecutionListener@402f23ea]
14:59:51.489 [Test worker] DEBUG org.springframework.test.annotation.ProfileValueUtils - Retrieved @ProfileValueSourceConfiguration [null] for test class [com.Logger.DemoApplicationTests]
14:59:51.490 [Test worker] DEBUG org.springframework.test.annotation.ProfileValueUtils - Retrieved ProfileValueSource type [class org.springframework.test.annotation.SystemProfileValueSource] for class [com.Logger.DemoApplicationTests]
14:59:51.491 [Test worker] DEBUG org.springframework.test.annotation.ProfileValueUtils - Retrieved @ProfileValueSourceConfiguration [null] for test class [com.Logger.DemoApplicationTests]
14:59:51.491 [Test worker] DEBUG org.springframework.test.annotation.ProfileValueUtils - Retrieved ProfileValueSource type [class org.springframework.test.annotation.SystemProfileValueSource] for class [com.Logger.DemoApplicationTests]
14:59:51.497 [Test worker] DEBUG org.springframework.test.context.support.AbstractDirtiesContextTestExecutionListener - Before test class: context [DefaultTestContext@3907d9ee testClass = DemoApplicationTests, testInstance = [null], testMethod = [null], testException = [null], mergedContextConfiguration = [WebMergedContextConfiguration@66120078 testClass = DemoApplicationTests, locations = '{}', classes = '{class com.Logger.CRSLoggerApplication}', contextInitializerClasses = '[]', activeProfiles = '{}', propertySourceLocations = '{}', propertySourceProperties = '{org.springframework.boot.test.context.SpringBootTestContextBootstrapper=true}', contextCustomizers = set[org.springframework.boot.test.context.SpringBootTestContextCustomizer@3fef6a46, org.springframework.boot.test.context.filter.ExcludeFilterContextCustomizer@741819d7, org.springframework.boot.test.mock.mockito.MockitoContextCustomizer@0, org.springframework.boot.test.autoconfigure.properties.PropertyMappingContextCustomizer@0, org.springframework.boot.test.autoconfigure.web.servlet.WebDriverContextCustomizerFactory$Customizer@60127074], resourceBasePath = 'src/main/webapp', contextLoader = 'org.springframework.boot.test.context.SpringBootContextLoader', parent = [null]]], class annotated with @DirtiesContext [false] with mode [null].
14:59:51.497 [Test worker] DEBUG org.springframework.test.annotation.ProfileValueUtils - Retrieved @ProfileValueSourceConfiguration [null] for test class [com.Logger.DemoApplicationTests]
14:59:51.498 [Test worker] DEBUG org.springframework.test.annotation.ProfileValueUtils - Retrieved ProfileValueSource type [class org.springframework.test.annotation.SystemProfileValueSource] for class [com.Logger.DemoApplicationTests]
14:59:51.582 [Test worker] DEBUG org.springframework.core.env.StandardEnvironment - Adding [systemProperties] PropertySource with lowest search precedence
14:59:51.582 [Test worker] DEBUG org.springframework.core.env.StandardEnvironment - Adding [systemEnvironment] PropertySource with lowest search precedence
14:59:51.583 [Test worker] DEBUG org.springframework.core.env.StandardEnvironment - Initialized StandardEnvironment with PropertySources [systemProperties,systemEnvironment]
14:59:51.585 [Test worker] DEBUG org.springframework.core.env.MutablePropertySources - Adding [inline] PropertySource with highest search precedence
14:59:51.594 [Test worker] DEBUG org.springframework.test.context.support.TestPropertySourceUtils - Adding inlined properties to environment: {spring.jmx.enabled=false, org.springframework.boot.test.context.SpringBootTestContextBootstrapper=true, server.port=-1}
14:59:51.595 [Test worker] DEBUG org.springframework.core.env.StandardEnvironment - Adding [Inlined Test Properties] PropertySource with highest search precedence

  .   ____          _            __ _ _
 /\\ / ___'_ __ _ _(_)_ __  __ _ \ \ \ \
( ( )\___ | '_ | '_| | '_ \/ _` | \ \ \ \
 \\/  ___)| |_)| | | | | || (_| |  ) ) ) )
  '  |____| .__|_| |_|_| |_\__, | / / / /
 =========|_|==============|___/=/_/_/_/
 :: Spring Boot ::        (v1.5.1.RELEASE)

2017-06-23 14:59:52.037  INFO 11818 --- [    Test worker] com.Logger.DemoApplicationTests          : Starting DemoApplicationTests on technology-Inspiron-3537 with PID 11818 (started by technology in /home/technology/Desktop/LoggerFinal)
2017-06-23 14:59:52.039  INFO 11818 --- [    Test worker] com.Logger.DemoApplicationTests          : No active profile set, falling back to default profiles: default
2017-06-23 14:59:52.100  INFO 11818 --- [    Test worker] o.s.w.c.s.GenericWebApplicationContext   : Refreshing org.springframework.web.context.support.GenericWebApplicationContext@4a1027cf: startup date [Fri Jun 23 14:59:52 IST 2017]; root of context hierarchy
2017-06-23 14:59:54.071  INFO 11818 --- [    Test worker] trationDelegate$BeanPostProcessorChecker : Bean 'org.springframework.boot.autoconfigure.validation.ValidationAutoConfiguration' of type [class org.springframework.boot.autoconfigure.validation.ValidationAutoConfiguration] is not eligible for getting processed by all BeanPostProcessors (for example: not eligible for auto-proxying)
2017-06-23 14:59:54.233  INFO 11818 --- [    Test worker] trationDelegate$BeanPostProcessorChecker : Bean 'validator' of type [class org.springframework.validation.beanvalidation.LocalValidatorFactoryBean] is not eligible for getting processed by all BeanPostProcessors (for example: not eligible for auto-proxying)
2017-06-23 14:59:54.287  INFO 11818 --- [    Test worker] trationDelegate$BeanPostProcessorChecker : Bean 'org.springframework.security.config.annotation.configuration.ObjectPostProcessorConfiguration' of type [class org.springframework.security.config.annotation.configuration.ObjectPostProcessorConfiguration$$EnhancerBySpringCGLIB$$c630e2c6] is not eligible for getting processed by all BeanPostProcessors (for example: not eligible for auto-proxying)
2017-06-23 14:59:54.313  INFO 11818 --- [    Test worker] trationDelegate$BeanPostProcessorChecker : Bean 'objectPostProcessor' of type [class org.springframework.security.config.annotation.configuration.AutowireBeanFactoryObjectPostProcessor] is not eligible for getting processed by all BeanPostProcessors (for example: not eligible for auto-proxying)
2017-06-23 14:59:54.316  INFO 11818 --- [    Test worker] trationDelegate$BeanPostProcessorChecker : Bean 'org.springframework.security.access.expression.method.DefaultMethodSecurityExpressionHandler@60f191ac' of type [class org.springframework.security.access.expression.method.DefaultMethodSecurityExpressionHandler] is not eligible for getting processed by all BeanPostProcessors (for example: not eligible for auto-proxying)
2017-06-23 14:59:54.329  INFO 11818 --- [    Test worker] trationDelegate$BeanPostProcessorChecker : Bean 'org.springframework.security.config.annotation.method.configuration.GlobalMethodSecurityConfiguration' of type [class org.springframework.security.config.annotation.method.configuration.GlobalMethodSecurityConfiguration$$EnhancerBySpringCGLIB$$eb058578] is not eligible for getting processed by all BeanPostProcessors (for example: not eligible for auto-proxying)
2017-06-23 14:59:54.347  INFO 11818 --- [    Test worker] trationDelegate$BeanPostProcessorChecker : Bean 'methodSecurityMetadataSource' of type [class org.springframework.security.access.method.DelegatingMethodSecurityMetadataSource] is not eligible for getting processed by all BeanPostProcessors (for example: not eligible for auto-proxying)
2017-06-23 14:59:54.672  INFO 11818 --- [    Test worker] org.mongodb.driver.cluster               : Cluster created with settings {hosts=[localhost:27017], mode=SINGLE, requiredClusterType=UNKNOWN, serverSelectionTimeout='30000 ms', maxWaitQueueSize=500}
2017-06-23 14:59:54.839  INFO 11818 --- [localhost:27017] org.mongodb.driver.connection            : Opened connection [connectionId{localValue:1, serverValue:16}] to localhost:27017
2017-06-23 14:59:54.842  INFO 11818 --- [localhost:27017] org.mongodb.driver.cluster               : Monitor thread successfully connected to server with description ServerDescription{address=localhost:27017, type=STANDALONE, state=CONNECTED, ok=true, version=ServerVersion{versionList=[3, 4, 4]}, minWireVersion=0, maxWireVersion=5, maxDocumentSize=16777216, roundTripTimeNanos=882140}
2017-06-23 14:59:55.215  INFO 11818 --- [    Test worker] org.mongodb.driver.connection            : Opened connection [connectionId{localValue:2, serverValue:17}] to localhost:27017
2017-06-23 14:59:56.908  INFO 11818 --- [    Test worker] o.s.s.web.DefaultSecurityFilterChain     : Creating filter chain: org.springframework.security.web.util.matcher.AnyRequestMatcher@1, [com.Logger.security.WebSecurityConfig$WebSecurityCorsFilter@5c19961e, org.springframework.security.web.context.request.async.WebAsyncManagerIntegrationFilter@4553f3b4, org.springframework.security.web.context.SecurityContextPersistenceFilter@3e71f300, org.springframework.security.web.header.HeaderWriterFilter@268251c0, org.springframework.web.filter.CorsFilter@fa75415, org.springframework.security.web.authentication.logout.LogoutFilter@4a826183, com.Logger.security.JWTLoginFilter@786c442b, com.Logger.security.JWTAuthenticationFilter@6855845e, org.springframework.security.web.savedrequest.RequestCacheAwareFilter@362134e2, org.springframework.security.web.servletapi.SecurityContextHolderAwareRequestFilter@b8d6143, org.springframework.security.web.authentication.AnonymousAuthenticationFilter@32c104b3, org.springframework.security.web.session.SessionManagementFilter@2c77574a, org.springframework.security.web.access.ExceptionTranslationFilter@3835a195, org.springframework.security.web.access.intercept.FilterSecurityInterceptor@455a4d06]
2017-06-23 14:59:57.564  INFO 11818 --- [    Test worker] s.w.s.m.m.a.RequestMappingHandlerAdapter : Looking for @ControllerAdvice: org.springframework.web.context.support.GenericWebApplicationContext@4a1027cf: startup date [Fri Jun 23 14:59:52 IST 2017]; root of context hierarchy
2017-06-23 14:59:57.676  INFO 11818 --- [    Test worker] s.w.s.m.m.a.RequestMappingHandlerMapping : Mapped "{[/api/logger/crs/response/status],methods=[GET]}" onto public java.util.List<com.Logger.domain.model.CMResponse> com.Logger.controllers.InventoryController.getResponse()
2017-06-23 14:59:57.678  INFO 11818 --- [    Test worker] s.w.s.m.m.a.RequestMappingHandlerMapping : Mapped "{[/api/logger/cm/inventory],methods=[POST],consumes=[application/json]}" onto public java.lang.String com.Logger.controllers.InventoryController.saveInventory(java.util.List<com.fasterxml.jackson.databind.node.ObjectNode>)
2017-06-23 14:59:57.678  INFO 11818 --- [    Test worker] s.w.s.m.m.a.RequestMappingHandlerMapping : Mapped "{[/api/logger/cm/inventory],methods=[GET]}" onto public java.util.List<com.Logger.domain.model.Inventory> com.Logger.controllers.InventoryController.getInventoryInfo()
2017-06-23 14:59:57.679  INFO 11818 --- [    Test worker] s.w.s.m.m.a.RequestMappingHandlerMapping : Mapped "{[/api/logger/cm/inventory/roomAvailability],methods=[POST]}" onto public java.util.List<com.Logger.utils.Response.InventoryResponse> com.Logger.controllers.InventoryController.findForInventory(com.Logger.utils.RoomAvailabilityRequest)
2017-06-23 14:59:57.679  INFO 11818 --- [    Test worker] s.w.s.m.m.a.RequestMappingHandlerMapping : Mapped "{[/api/logger/crs/response/status],methods=[POST],consumes=[application/json]}" onto public java.lang.String com.Logger.controllers.InventoryController.saveResponse(com.Logger.domain.model.CMResponse)
2017-06-23 14:59:57.681  INFO 11818 --- [    Test worker] s.w.s.m.m.a.RequestMappingHandlerMapping : Mapped "{[/signUp/userInfo],methods=[POST],consumes=[application/json]}" onto public java.lang.String com.Logger.controllers.LoginController.saveUser(com.Logger.domain.model.UserInfo)
2017-06-23 14:59:57.682  INFO 11818 --- [    Test worker] s.w.s.m.m.a.RequestMappingHandlerMapping : Mapped "{[/api/logger/cm/price],methods=[POST],consumes=[application/json]}" onto public java.lang.String com.Logger.controllers.PriceController.savePrice(java.util.List<com.fasterxml.jackson.databind.node.ObjectNode>)
2017-06-23 14:59:57.683  INFO 11818 --- [    Test worker] s.w.s.m.m.a.RequestMappingHandlerMapping : Mapped "{[/api/logger/cm/price/filter],methods=[POST]}" onto public java.util.List<com.Logger.utils.Response.PriceResponse> com.Logger.controllers.PriceController.findForPrice(com.Logger.utils.RoomAvailabilityRequest)
2017-06-23 14:59:57.683  INFO 11818 --- [    Test worker] s.w.s.m.m.a.RequestMappingHandlerMapping : Mapped "{[/api/logger/cm/price],methods=[GET]}" onto public java.util.List<com.Logger.domain.model.Price> com.Logger.controllers.PriceController.getPriceInfo()
2017-06-23 14:59:57.685  INFO 11818 --- [    Test worker] s.w.s.m.m.a.RequestMappingHandlerMapping : Mapped "{[/api/logger/userActivity/responseData],methods=[POST],consumes=[application/json]}" onto public java.lang.String com.Logger.controllers.UserActivityController.saveResponseByUrl(java.util.List<com.fasterxml.jackson.databind.node.ObjectNode>) throws java.lang.Exception
2017-06-23 14:59:57.685  INFO 11818 --- [    Test worker] s.w.s.m.m.a.RequestMappingHandlerMapping : Mapped "{[/api/logger/userActivity/requestData],methods=[POST],consumes=[application/json]}" onto public java.lang.String com.Logger.controllers.UserActivityController.saveRequestByUrl(java.util.List<com.fasterxml.jackson.databind.node.ObjectNode>) throws java.lang.Exception
2017-06-23 14:59:57.688  INFO 11818 --- [    Test worker] s.w.s.m.m.a.RequestMappingHandlerMapping : Mapped "{[/error],produces=[text/html]}" onto public org.springframework.web.servlet.ModelAndView org.springframework.boot.autoconfigure.web.BasicErrorController.errorHtml(javax.servlet.http.HttpServletRequest,javax.servlet.http.HttpServletResponse)
2017-06-23 14:59:57.688  INFO 11818 --- [    Test worker] s.w.s.m.m.a.RequestMappingHandlerMapping : Mapped "{[/error]}" onto public org.springframework.http.ResponseEntity<java.util.Map<java.lang.String, java.lang.Object>> org.springframework.boot.autoconfigure.web.BasicErrorController.error(javax.servlet.http.HttpServletRequest)
2017-06-23 14:59:57.847  INFO 11818 --- [    Test worker] o.s.w.s.handler.SimpleUrlHandlerMapping  : Mapped URL path [/webjars/**] onto handler of type [class org.springframework.web.servlet.resource.ResourceHttpRequestHandler]
2017-06-23 14:59:57.848  INFO 11818 --- [    Test worker] o.s.w.s.handler.SimpleUrlHandlerMapping  : Mapped URL path [/**] onto handler of type [class org.springframework.web.servlet.resource.ResourceHttpRequestHandler]
2017-06-23 14:59:57.981  INFO 11818 --- [    Test worker] o.s.w.s.handler.SimpleUrlHandlerMapping  : Mapped URL path [/**/favicon.ico] onto handler of type [class org.springframework.web.servlet.resource.ResourceHttpRequestHandler]
2017-06-23 14:59:58.085  INFO 11818 --- [    Test worker] oConfiguration$WelcomePageHandlerMapping : Adding welcome page: ServletContext resource [/index.html]
2017-06-23 14:59:58.278  INFO 11818 --- [    Test worker] o.s.w.s.v.f.FreeMarkerConfigurer         : ClassTemplateLoader for Spring macros added to FreeMarker configuration
2017-06-23 14:59:58.543  INFO 11818 --- [    Test worker] com.Logger.DemoApplicationTests          : Started DemoApplicationTests in 6.934 seconds (JVM running for 8.177)
]]></system-out>
  <system-err><![CDATA[]]></system-err>
</testsuite>
