<?xml version="1.0" encoding="UTF-8"?>
<testsuite name="com.Logger.DemoApplicationTests" tests="1" skipped="0" failures="0" errors="0" timestamp="2017-06-23T06:28:44" hostname="technology-Inspiron-3537" time="0.047">
  <properties/>
  <testcase name="contextLoads" classname="com.Logger.DemoApplicationTests" time="0.047"/>
  <system-out><![CDATA[11:58:38.524 [Test worker] DEBUG org.springframework.test.context.junit4.SpringJUnit4ClassRunner - SpringJUnit4ClassRunner constructor called with [class com.Logger.DemoApplicationTests]
11:58:38.529 [Test worker] DEBUG org.springframework.test.context.BootstrapUtils - Instantiating CacheAwareContextLoaderDelegate from class [org.springframework.test.context.cache.DefaultCacheAwareContextLoaderDelegate]
11:58:38.537 [Test worker] DEBUG org.springframework.test.context.BootstrapUtils - Instantiating BootstrapContext using constructor [public org.springframework.test.context.support.DefaultBootstrapContext(java.lang.Class,org.springframework.test.context.CacheAwareContextLoaderDelegate)]
11:58:38.559 [Test worker] DEBUG org.springframework.test.context.BootstrapUtils - Instantiating TestContextBootstrapper for test class [com.Logger.DemoApplicationTests] from class [org.springframework.boot.test.context.SpringBootTestContextBootstrapper]
11:58:38.576 [Test worker] INFO org.springframework.boot.test.context.SpringBootTestContextBootstrapper - Neither @ContextConfiguration nor @ContextHierarchy found for test class [com.Logger.DemoApplicationTests], using SpringBootContextLoader
11:58:38.581 [Test worker] DEBUG org.springframework.test.context.support.AbstractContextLoader - Did not detect default resource location for test class [com.Logger.DemoApplicationTests]: class path resource [com/Logger/DemoApplicationTests-context.xml] does not exist
11:58:38.582 [Test worker] DEBUG org.springframework.test.context.support.AbstractContextLoader - Did not detect default resource location for test class [com.Logger.DemoApplicationTests]: class path resource [com/Logger/DemoApplicationTestsContext.groovy] does not exist
11:58:38.582 [Test worker] INFO org.springframework.test.context.support.AbstractContextLoader - Could not detect default resource locations for test class [com.Logger.DemoApplicationTests]: no resource found for suffixes {-context.xml, Context.groovy}.
11:58:38.583 [Test worker] INFO org.springframework.test.context.support.AnnotationConfigContextLoaderUtils - Could not detect default configuration classes for test class [com.Logger.DemoApplicationTests]: DemoApplicationTests does not declare any static, non-private, non-final, nested classes annotated with @Configuration.
11:58:38.636 [Test worker] DEBUG org.springframework.test.context.support.ActiveProfilesUtils - Could not find an 'annotation declaring class' for annotation type [org.springframework.test.context.ActiveProfiles] and class [com.Logger.DemoApplicationTests]
11:58:38.646 [Test worker] DEBUG org.springframework.core.env.StandardEnvironment - Adding [systemProperties] PropertySource with lowest search precedence
11:58:38.648 [Test worker] DEBUG org.springframework.core.env.StandardEnvironment - Adding [systemEnvironment] PropertySource with lowest search precedence
11:58:38.648 [Test worker] DEBUG org.springframework.core.env.StandardEnvironment - Initialized StandardEnvironment with PropertySources [systemProperties,systemEnvironment]
11:58:38.658 [Test worker] DEBUG org.springframework.core.io.support.PathMatchingResourcePatternResolver - Resolved classpath location [com/Logger/] to resources [URL [file:/home/technology/Desktop/LoggerFinal/build/classes/test/com/Logger/], URL [file:/home/technology/Desktop/LoggerFinal/build/classes/main/com/Logger/]]
11:58:38.658 [Test worker] DEBUG org.springframework.core.io.support.PathMatchingResourcePatternResolver - Looking for matching resources in directory tree [/home/technology/Desktop/LoggerFinal/build/classes/test/com/Logger]
11:58:38.658 [Test worker] DEBUG org.springframework.core.io.support.PathMatchingResourcePatternResolver - Searching directory [/home/technology/Desktop/LoggerFinal/build/classes/test/com/Logger] for files matching pattern [/home/technology/Desktop/LoggerFinal/build/classes/test/com/Logger/*.class]
11:58:38.662 [Test worker] DEBUG org.springframework.core.io.support.PathMatchingResourcePatternResolver - Looking for matching resources in directory tree [/home/technology/Desktop/LoggerFinal/build/classes/main/com/Logger]
11:58:38.662 [Test worker] DEBUG org.springframework.core.io.support.PathMatchingResourcePatternResolver - Searching directory [/home/technology/Desktop/LoggerFinal/build/classes/main/com/Logger] for files matching pattern [/home/technology/Desktop/LoggerFinal/build/classes/main/com/Logger/*.class]
11:58:38.664 [Test worker] DEBUG org.springframework.core.io.support.PathMatchingResourcePatternResolver - Resolved location pattern [classpath*:com/Logger/*.class] to resources [file [/home/technology/Desktop/LoggerFinal/build/classes/test/com/Logger/DemoApplicationTests.class], file [/home/technology/Desktop/LoggerFinal/build/classes/main/com/Logger/CRSLoggerApplication.class]]
11:58:38.715 [Test worker] DEBUG org.springframework.context.annotation.ClassPathScanningCandidateComponentProvider - Identified candidate component class: file [/home/technology/Desktop/LoggerFinal/build/classes/main/com/Logger/CRSLoggerApplication.class]
11:58:38.716 [Test worker] INFO org.springframework.boot.test.context.SpringBootTestContextBootstrapper - Found @SpringBootConfiguration com.Logger.CRSLoggerApplication for test class com.Logger.DemoApplicationTests
11:58:38.720 [Test worker] DEBUG org.springframework.boot.test.context.SpringBootTestContextBootstrapper - @TestExecutionListeners is not present for class [com.Logger.DemoApplicationTests]: using defaults.
11:58:38.727 [Test worker] INFO org.springframework.boot.test.context.SpringBootTestContextBootstrapper - Loaded default TestExecutionListener class names from location [META-INF/spring.factories]: [org.springframework.boot.test.mock.mockito.MockitoTestExecutionListener, org.springframework.boot.test.mock.mockito.ResetMocksTestExecutionListener, org.springframework.boot.test.autoconfigure.restdocs.RestDocsTestExecutionListener, org.springframework.boot.test.autoconfigure.web.client.MockRestServiceServerResetTestExecutionListener, org.springframework.boot.test.autoconfigure.web.servlet.MockMvcPrintOnlyOnFailureTestExecutionListener, org.springframework.boot.test.autoconfigure.web.servlet.WebDriverTestExecutionListener, org.springframework.test.context.web.ServletTestExecutionListener, org.springframework.test.context.support.DirtiesContextBeforeModesTestExecutionListener, org.springframework.test.context.support.DependencyInjectionTestExecutionListener, org.springframework.test.context.support.DirtiesContextTestExecutionListener, org.springframework.test.context.transaction.TransactionalTestExecutionListener, org.springframework.test.context.jdbc.SqlScriptsTestExecutionListener]
11:58:38.746 [Test worker] INFO org.springframework.boot.test.context.SpringBootTestContextBootstrapper - Using TestExecutionListeners: [org.springframework.test.context.web.ServletTestExecutionListener@59560d8c, org.springframework.test.context.support.DirtiesContextBeforeModesTestExecutionListener@5ee1436c, org.springframework.boot.test.autoconfigure.SpringBootDependencyInjectionTestExecutionListener@6dc3fc3f, org.springframework.test.context.support.DirtiesContextTestExecutionListener@67b62ecd, org.springframework.test.context.transaction.TransactionalTestExecutionListener@ee565da, org.springframework.test.context.jdbc.SqlScriptsTestExecutionListener@5acbad49, org.springframework.boot.test.autoconfigure.restdocs.RestDocsTestExecutionListener@289b802b, org.springframework.boot.test.autoconfigure.web.servlet.MockMvcPrintOnlyOnFailureTestExecutionListener@7e0d03b3, org.springframework.boot.test.autoconfigure.web.client.MockRestServiceServerResetTestExecutionListener@5b63721d, org.springframework.boot.test.autoconfigure.web.servlet.WebDriverTestExecutionListener@5cc52ddd, org.springframework.boot.test.mock.mockito.ResetMocksTestExecutionListener@28ab74b6, org.springframework.boot.test.mock.mockito.MockitoTestExecutionListener@3eadfa8b]
11:58:38.748 [Test worker] DEBUG org.springframework.test.annotation.ProfileValueUtils - Retrieved @ProfileValueSourceConfiguration [null] for test class [com.Logger.DemoApplicationTests]
11:58:38.749 [Test worker] DEBUG org.springframework.test.annotation.ProfileValueUtils - Retrieved ProfileValueSource type [class org.springframework.test.annotation.SystemProfileValueSource] for class [com.Logger.DemoApplicationTests]
11:58:38.750 [Test worker] DEBUG org.springframework.test.annotation.ProfileValueUtils - Retrieved @ProfileValueSourceConfiguration [null] for test class [com.Logger.DemoApplicationTests]
11:58:38.750 [Test worker] DEBUG org.springframework.test.annotation.ProfileValueUtils - Retrieved ProfileValueSource type [class org.springframework.test.annotation.SystemProfileValueSource] for class [com.Logger.DemoApplicationTests]
11:58:38.755 [Test worker] DEBUG org.springframework.test.context.support.AbstractDirtiesContextTestExecutionListener - Before test class: context [DefaultTestContext@40ccdf9 testClass = DemoApplicationTests, testInstance = [null], testMethod = [null], testException = [null], mergedContextConfiguration = [WebMergedContextConfiguration@4bfe09d6 testClass = DemoApplicationTests, locations = '{}', classes = '{class com.Logger.CRSLoggerApplication}', contextInitializerClasses = '[]', activeProfiles = '{}', propertySourceLocations = '{}', propertySourceProperties = '{org.springframework.boot.test.context.SpringBootTestContextBootstrapper=true}', contextCustomizers = set[org.springframework.boot.test.context.SpringBootTestContextCustomizer@6e08d5d5, org.springframework.boot.test.context.filter.ExcludeFilterContextCustomizer@63b25bc5, org.springframework.boot.test.mock.mockito.MockitoContextCustomizer@0, org.springframework.boot.test.autoconfigure.properties.PropertyMappingContextCustomizer@0, org.springframework.boot.test.autoconfigure.web.servlet.WebDriverContextCustomizerFactory$Customizer@6ce89c01], resourceBasePath = 'src/main/webapp', contextLoader = 'org.springframework.boot.test.context.SpringBootContextLoader', parent = [null]]], class annotated with @DirtiesContext [false] with mode [null].
11:58:38.756 [Test worker] DEBUG org.springframework.test.annotation.ProfileValueUtils - Retrieved @ProfileValueSourceConfiguration [null] for test class [com.Logger.DemoApplicationTests]
11:58:38.756 [Test worker] DEBUG org.springframework.test.annotation.ProfileValueUtils - Retrieved ProfileValueSource type [class org.springframework.test.annotation.SystemProfileValueSource] for class [com.Logger.DemoApplicationTests]
11:58:38.818 [Test worker] DEBUG org.springframework.core.env.StandardEnvironment - Adding [systemProperties] PropertySource with lowest search precedence
11:58:38.818 [Test worker] DEBUG org.springframework.core.env.StandardEnvironment - Adding [systemEnvironment] PropertySource with lowest search precedence
11:58:38.818 [Test worker] DEBUG org.springframework.core.env.StandardEnvironment - Initialized StandardEnvironment with PropertySources [systemProperties,systemEnvironment]
11:58:38.820 [Test worker] DEBUG org.springframework.core.env.MutablePropertySources - Adding [inline] PropertySource with highest search precedence
11:58:38.825 [Test worker] DEBUG org.springframework.test.context.support.TestPropertySourceUtils - Adding inlined properties to environment: {spring.jmx.enabled=false, org.springframework.boot.test.context.SpringBootTestContextBootstrapper=true, server.port=-1}
11:58:38.825 [Test worker] DEBUG org.springframework.core.env.StandardEnvironment - Adding [Inlined Test Properties] PropertySource with highest search precedence

  .   ____          _            __ _ _
 /\\ / ___'_ __ _ _(_)_ __  __ _ \ \ \ \
( ( )\___ | '_ | '_| | '_ \/ _` | \ \ \ \
 \\/  ___)| |_)| | | | | || (_| |  ) ) ) )
  '  |____| .__|_| |_|_| |_\__, | / / / /
 =========|_|==============|___/=/_/_/_/
 :: Spring Boot ::        (v1.5.1.RELEASE)

2017-06-23 11:58:39.123  INFO 5579 --- [    Test worker] com.Logger.DemoApplicationTests          : Starting DemoApplicationTests on technology-Inspiron-3537 with PID 5579 (started by technology in /home/technology/Desktop/LoggerFinal)
2017-06-23 11:58:39.125  INFO 5579 --- [    Test worker] com.Logger.DemoApplicationTests          : No active profile set, falling back to default profiles: default
2017-06-23 11:58:39.179  INFO 5579 --- [    Test worker] o.s.w.c.s.GenericWebApplicationContext   : Refreshing org.springframework.web.context.support.GenericWebApplicationContext@17c66bb8: startup date [Fri Jun 23 11:58:39 IST 2017]; root of context hierarchy
2017-06-23 11:58:40.873  INFO 5579 --- [    Test worker] trationDelegate$BeanPostProcessorChecker : Bean 'org.springframework.boot.autoconfigure.validation.ValidationAutoConfiguration' of type [class org.springframework.boot.autoconfigure.validation.ValidationAutoConfiguration] is not eligible for getting processed by all BeanPostProcessors (for example: not eligible for auto-proxying)
2017-06-23 11:58:40.984  INFO 5579 --- [    Test worker] trationDelegate$BeanPostProcessorChecker : Bean 'validator' of type [class org.springframework.validation.beanvalidation.LocalValidatorFactoryBean] is not eligible for getting processed by all BeanPostProcessors (for example: not eligible for auto-proxying)
2017-06-23 11:58:41.025  INFO 5579 --- [    Test worker] trationDelegate$BeanPostProcessorChecker : Bean 'org.springframework.security.config.annotation.configuration.ObjectPostProcessorConfiguration' of type [class org.springframework.security.config.annotation.configuration.ObjectPostProcessorConfiguration$$EnhancerBySpringCGLIB$$d6a290ed] is not eligible for getting processed by all BeanPostProcessors (for example: not eligible for auto-proxying)
2017-06-23 11:58:41.048  INFO 5579 --- [    Test worker] trationDelegate$BeanPostProcessorChecker : Bean 'objectPostProcessor' of type [class org.springframework.security.config.annotation.configuration.AutowireBeanFactoryObjectPostProcessor] is not eligible for getting processed by all BeanPostProcessors (for example: not eligible for auto-proxying)
2017-06-23 11:58:41.056  INFO 5579 --- [    Test worker] trationDelegate$BeanPostProcessorChecker : Bean 'org.springframework.security.access.expression.method.DefaultMethodSecurityExpressionHandler@595a0f00' of type [class org.springframework.security.access.expression.method.DefaultMethodSecurityExpressionHandler] is not eligible for getting processed by all BeanPostProcessors (for example: not eligible for auto-proxying)
2017-06-23 11:58:41.067  INFO 5579 --- [    Test worker] trationDelegate$BeanPostProcessorChecker : Bean 'org.springframework.security.config.annotation.method.configuration.GlobalMethodSecurityConfiguration' of type [class org.springframework.security.config.annotation.method.configuration.GlobalMethodSecurityConfiguration$$EnhancerBySpringCGLIB$$fb77339f] is not eligible for getting processed by all BeanPostProcessors (for example: not eligible for auto-proxying)
2017-06-23 11:58:41.081  INFO 5579 --- [    Test worker] trationDelegate$BeanPostProcessorChecker : Bean 'methodSecurityMetadataSource' of type [class org.springframework.security.access.method.DelegatingMethodSecurityMetadataSource] is not eligible for getting processed by all BeanPostProcessors (for example: not eligible for auto-proxying)
2017-06-23 11:58:41.334  INFO 5579 --- [    Test worker] org.mongodb.driver.cluster               : Cluster created with settings {hosts=[localhost:27017], mode=SINGLE, requiredClusterType=UNKNOWN, serverSelectionTimeout='30000 ms', maxWaitQueueSize=500}
2017-06-23 11:58:41.456  INFO 5579 --- [localhost:27017] org.mongodb.driver.connection            : Opened connection [connectionId{localValue:1, serverValue:10}] to localhost:27017
2017-06-23 11:58:41.463  INFO 5579 --- [localhost:27017] org.mongodb.driver.cluster               : Monitor thread successfully connected to server with description ServerDescription{address=localhost:27017, type=STANDALONE, state=CONNECTED, ok=true, version=ServerVersion{versionList=[3, 4, 4]}, minWireVersion=0, maxWireVersion=5, maxDocumentSize=16777216, roundTripTimeNanos=4880280}
2017-06-23 11:58:41.908  INFO 5579 --- [    Test worker] org.mongodb.driver.connection            : Opened connection [connectionId{localValue:2, serverValue:11}] to localhost:27017
2017-06-23 11:58:43.142  INFO 5579 --- [    Test worker] o.s.s.web.DefaultSecurityFilterChain     : Creating filter chain: org.springframework.security.web.util.matcher.AnyRequestMatcher@1, [com.Logger.security.WebSecurityConfig$WebSecurityCorsFilter@60555abe, org.springframework.security.web.context.request.async.WebAsyncManagerIntegrationFilter@592b97d9, org.springframework.security.web.context.SecurityContextPersistenceFilter@4d5edac, org.springframework.security.web.header.HeaderWriterFilter@17109926, org.springframework.web.filter.CorsFilter@6ec4fa89, org.springframework.security.web.authentication.logout.LogoutFilter@51c19c92, com.Logger.security.JWTLoginFilter@384b445, com.Logger.security.JWTAuthenticationFilter@49ce8e21, org.springframework.security.web.savedrequest.RequestCacheAwareFilter@448f78aa, org.springframework.security.web.servletapi.SecurityContextHolderAwareRequestFilter@6705ef7a, org.springframework.security.web.authentication.AnonymousAuthenticationFilter@4c5e4d9e, org.springframework.security.web.session.SessionManagementFilter@541f8601, org.springframework.security.web.access.ExceptionTranslationFilter@36b1c5c8, org.springframework.security.web.access.intercept.FilterSecurityInterceptor@3109b834]
2017-06-23 11:58:43.659  INFO 5579 --- [    Test worker] s.w.s.m.m.a.RequestMappingHandlerAdapter : Looking for @ControllerAdvice: org.springframework.web.context.support.GenericWebApplicationContext@17c66bb8: startup date [Fri Jun 23 11:58:39 IST 2017]; root of context hierarchy
2017-06-23 11:58:43.763  INFO 5579 --- [    Test worker] s.w.s.m.m.a.RequestMappingHandlerMapping : Mapped "{[/api/logger/crs/response/status],methods=[GET]}" onto public java.util.List<com.Logger.domain.model.CMResponse> com.Logger.controllers.InventoryController.getResponse()
2017-06-23 11:58:43.765  INFO 5579 --- [    Test worker] s.w.s.m.m.a.RequestMappingHandlerMapping : Mapped "{[/api/logger/cm/inventory],methods=[GET]}" onto public java.util.List<com.Logger.domain.model.Inventory> com.Logger.controllers.InventoryController.getInventoryInfo()
2017-06-23 11:58:43.766  INFO 5579 --- [    Test worker] s.w.s.m.m.a.RequestMappingHandlerMapping : Mapped "{[/api/logger/cm/inventory/roomAvailability],methods=[POST]}" onto public java.util.List<com.Logger.utils.Response.InventoryResponse> com.Logger.controllers.InventoryController.findForInventory(com.Logger.utils.RoomAvailabilityRequest)
2017-06-23 11:58:43.767  INFO 5579 --- [    Test worker] s.w.s.m.m.a.RequestMappingHandlerMapping : Mapped "{[/api/logger/crs/response/status],methods=[POST],consumes=[application/json]}" onto public java.lang.String com.Logger.controllers.InventoryController.saveResponse(com.Logger.domain.model.CMResponse)
2017-06-23 11:58:43.768  INFO 5579 --- [    Test worker] s.w.s.m.m.a.RequestMappingHandlerMapping : Mapped "{[/api/logger/cm/inventory],methods=[POST],consumes=[application/json]}" onto public java.lang.String com.Logger.controllers.InventoryController.saveInventory(java.util.List<com.fasterxml.jackson.databind.node.ObjectNode>)
2017-06-23 11:58:43.771  INFO 5579 --- [    Test worker] s.w.s.m.m.a.RequestMappingHandlerMapping : Mapped "{[/signUp/userInfo],methods=[POST],consumes=[application/json]}" onto public java.lang.String com.Logger.controllers.LoginController.saveUser(com.Logger.domain.model.UserInfo)
2017-06-23 11:58:43.773  INFO 5579 --- [    Test worker] s.w.s.m.m.a.RequestMappingHandlerMapping : Mapped "{[/api/logger/cm/price],methods=[POST],consumes=[application/json]}" onto public java.lang.String com.Logger.controllers.PriceController.savePrice(java.util.List<com.fasterxml.jackson.databind.node.ObjectNode>)
2017-06-23 11:58:43.776  INFO 5579 --- [    Test worker] s.w.s.m.m.a.RequestMappingHandlerMapping : Mapped "{[/api/logger/cm/price/filter],methods=[POST]}" onto public java.util.List<com.Logger.utils.Response.PriceResponse> com.Logger.controllers.PriceController.findForPrice(com.Logger.utils.RoomAvailabilityRequest)
2017-06-23 11:58:43.778  INFO 5579 --- [    Test worker] s.w.s.m.m.a.RequestMappingHandlerMapping : Mapped "{[/api/logger/cm/price],methods=[GET]}" onto public java.util.List<com.Logger.domain.model.Price> com.Logger.controllers.PriceController.getPriceInfo()
2017-06-23 11:58:43.780  INFO 5579 --- [    Test worker] s.w.s.m.m.a.RequestMappingHandlerMapping : Mapped "{[/api/logger/userActivity/requestData],methods=[POST],consumes=[application/json]}" onto public java.lang.String com.Logger.controllers.UserActivityController.saveRequestByUrl(java.util.List<com.fasterxml.jackson.databind.node.ObjectNode>) throws java.lang.Exception
2017-06-23 11:58:43.781  INFO 5579 --- [    Test worker] s.w.s.m.m.a.RequestMappingHandlerMapping : Mapped "{[/api/logger/userActivity/responseData],methods=[POST],consumes=[application/json]}" onto public java.lang.String com.Logger.controllers.UserActivityController.saveResponseByUrl(java.util.List<com.fasterxml.jackson.databind.node.ObjectNode>) throws java.lang.Exception
2017-06-23 11:58:43.784  INFO 5579 --- [    Test worker] s.w.s.m.m.a.RequestMappingHandlerMapping : Mapped "{[/error],produces=[text/html]}" onto public org.springframework.web.servlet.ModelAndView org.springframework.boot.autoconfigure.web.BasicErrorController.errorHtml(javax.servlet.http.HttpServletRequest,javax.servlet.http.HttpServletResponse)
2017-06-23 11:58:43.785  INFO 5579 --- [    Test worker] s.w.s.m.m.a.RequestMappingHandlerMapping : Mapped "{[/error]}" onto public org.springframework.http.ResponseEntity<java.util.Map<java.lang.String, java.lang.Object>> org.springframework.boot.autoconfigure.web.BasicErrorController.error(javax.servlet.http.HttpServletRequest)
2017-06-23 11:58:43.859  INFO 5579 --- [    Test worker] o.s.w.s.handler.SimpleUrlHandlerMapping  : Mapped URL path [/webjars/**] onto handler of type [class org.springframework.web.servlet.resource.ResourceHttpRequestHandler]
2017-06-23 11:58:43.859  INFO 5579 --- [    Test worker] o.s.w.s.handler.SimpleUrlHandlerMapping  : Mapped URL path [/**] onto handler of type [class org.springframework.web.servlet.resource.ResourceHttpRequestHandler]
2017-06-23 11:58:43.928  INFO 5579 --- [    Test worker] o.s.w.s.handler.SimpleUrlHandlerMapping  : Mapped URL path [/**/favicon.ico] onto handler of type [class org.springframework.web.servlet.resource.ResourceHttpRequestHandler]
2017-06-23 11:58:44.028  INFO 5579 --- [    Test worker] oConfiguration$WelcomePageHandlerMapping : Adding welcome page: ServletContext resource [/index.html]
2017-06-23 11:58:44.250  INFO 5579 --- [    Test worker] o.s.w.s.v.f.FreeMarkerConfigurer         : ClassTemplateLoader for Spring macros added to FreeMarker configuration
2017-06-23 11:58:44.520  INFO 5579 --- [    Test worker] com.Logger.DemoApplicationTests          : Started DemoApplicationTests in 5.683 seconds (JVM running for 6.829)
]]></system-out>
  <system-err><![CDATA[]]></system-err>
</testsuite>
